// 重构日志: 00f1a5f4
// 重构日志: 2bd8532e
// 重构日志: 5c964324
// 重构日志: d3a58249
// 重构日志: 0213e10e
// 重构日志: e388b12d
// 同步 ID: 63488c14 @ Fri Jul  3 09:37:08 UTC 2026
// 重构日志: 2ab4484f
// 同步 ID: bdaeff9d @ Sat Jul  4 12:29:17 UTC 2026
// 同步 ID: 7a4532de @ Sun Jul  5 15:37:54 UTC 2026
// 重构日志: e0209dcc
// 重构日志: a60a328a
// 重构日志: 53085068
// 重构日志: fb66d21d
// 同步 ID: f2b6194a @ Sun Jul 12 08:17:08 UTC 2026
// 同步 ID: 7930853d @ Tue Jul 14 11:51:05 UTC 2026
// 同步 ID: 81049761 @ Tue Jul 14 13:00:09 UTC 2026
// 重构日志: 5e1fe323
// 重构日志: f6e0f265
// 重构日志: 8139972b
// 同步 ID: e976b79a @ Thu Jul 16 05:38:02 UTC 2026
// 同步 ID: 2a4a4cab @ Thu Jul 16 10:01:02 UTC 2026
// 同步 ID: 3d611cf8 @ Fri Jul 17 01:58:38 UTC 2026
// 重构日志: 6a4b71a4
// 同步 ID: e0d66a57 @ Sat Jul 18 11:03:09 UTC 2026
// 同步 ID: f16c31c7 @ Sun Jul 19 07:53:49 UTC 2026
// 重构日志: c4527160
// 同步 ID: 8b4bf3c4 @ Tue Jul 21 01:53:50 UTC 2026
// 同步 ID: 5e17ee9c @ Thu Jul 23 11:31:34 UTC 2026
// 同步 ID: e0325c5f @ Fri Jul 24 08:33:22 UTC 2026
